[0.012s] Invoking command in '/home/nick/dev/pi_bot_ws/build/hat_test': AMENT_PREFIX_PATH=/home/nick/dev/pi_bot_ws/install/motor_driver:${AMENT_PREFIX_PATH} CMAKE_PREFIX_PATH=/home/nick/dev/pi_bot_ws/install/motor_driver:${CMAKE_PREFIX_PATH} DEBUGINFOD_URLS=https://debuginfod.archlinux.org _=/usr/bin/env /usr/bin/cmake /home/nick/dev/pi_bot_ws/src/hat_test -DCMAKE_EXPORT_COMPILE_COMMANDS=ON -DCMAKE_INSTALL_PREFIX=/home/nick/dev/pi_bot_ws/install/hat_test
[0.019s] [0mCMake Deprecation Warning at CMakeLists.txt:1 (cmake_minimum_required):
[0.019s]   Compatibility with CMake < 3.10 will be removed from a future version of
[0.019s]   CMake.
[0.019s] 
[0.019s]   Update the VERSION argument <min> value.  Or, use the <min>...<max> syntax
[0.019s]   to tell CMake that the project requires at least <min> but has been updated
[0.019s]   to work with policies introduced by <max> or earlier.
[0.019s] 
[0.019s] [0m
[0.061s] -- The C compiler identification is GNU 15.1.1
[0.124s] -- The CXX compiler identification is GNU 15.1.1
[0.132s] -- Detecting C compiler ABI info
[0.208s] -- Detecting C compiler ABI info - done
[0.219s] -- Check for working C compiler: /usr/bin/cc - skipped
[0.220s] -- Detecting C compile features
[0.220s] -- Detecting C compile features - done
[0.233s] -- Detecting CXX compiler ABI info
[0.336s] -- Detecting CXX compiler ABI info - done
[0.347s] -- Check for working CXX compiler: /usr/bin/c++ - skipped
[0.347s] -- Detecting CXX compile features
[0.348s] -- Detecting CXX compile features - done
[0.359s] -- Found ament_cmake: 1.3.11 (/home/nick/ros2-humble/src/install/share/ament_cmake/cmake)
[0.446s] -- Found Python3: /home/nick/.pyenv/versions/3.11.9/bin/python3 (found version "3.11.9") found components: Interpreter
[0.516s] -- Found rclcpp: 16.0.12 (/home/nick/ros2-humble/src/install/share/rclcpp/cmake)
[0.547s] -- Found rosidl_generator_c: 3.1.6 (/home/nick/ros2-humble/src/install/share/rosidl_generator_c/cmake)
[0.551s] -- Found rosidl_adapter: 3.1.6 (/home/nick/ros2-humble/src/install/share/rosidl_adapter/cmake)
[0.557s] -- Found rosidl_generator_cpp: 3.1.6 (/home/nick/ros2-humble/src/install/share/rosidl_generator_cpp/cmake)
[0.566s] -- Using all available rosidl_typesupport_c: rosidl_typesupport_fastrtps_c;rosidl_typesupport_introspection_c
[0.578s] -- Using all available rosidl_typesupport_cpp: rosidl_typesupport_fastrtps_cpp;rosidl_typesupport_introspection_cpp
[0.613s] -- Found rmw_implementation_cmake: 6.1.2 (/home/nick/ros2-humble/src/install/share/rmw_implementation_cmake/cmake)
[0.614s] -- Found rmw_fastrtps_cpp: 6.2.7 (/home/nick/ros2-humble/src/install/share/rmw_fastrtps_cpp/cmake)
[0.688s] -- Found OpenSSL: /usr/lib/libcrypto.so (found version "3.5.0")
[0.703s] -- Found FastRTPS: /home/nick/ros2-humble/src/install/include
[0.722s] -- Using RMW implementation 'rmw_fastrtps_cpp' as default
[0.729s] -- Performing Test CMAKE_HAVE_LIBC_PTHREAD
[0.818s] -- Performing Test CMAKE_HAVE_LIBC_PTHREAD - Success
[0.819s] -- Found Threads: TRUE
[0.865s] -- Found motor_driver: 0.0.0 (/home/nick/dev/pi_bot_ws/install/motor_driver/share/motor_driver/cmake)
[0.868s] -- Found ament_lint_auto: 0.12.12 (/home/nick/ros2-humble/src/install/share/ament_lint_auto/cmake)
[0.948s] -- Added test 'cppcheck' to perform static code analysis on C / C++ code
[0.948s] -- Configured cppcheck include dirs: 
[0.948s] -- Configured cppcheck exclude dirs and/or files: 
[0.949s] -- Added test 'lint_cmake' to check CMake code style
[0.949s] -- Added test 'uncrustify' to check C / C++ code style
[0.949s] -- Configured uncrustify additional arguments: 
[0.950s] -- Added test 'xmllint' to check XML markup files
[0.950s] -- Configuring done (0.9s)
[0.958s] -- Generating done (0.0s)
[0.960s] -- Build files have been written to: /home/nick/dev/pi_bot_ws/build/hat_test
[0.970s] Invoked command in '/home/nick/dev/pi_bot_ws/build/hat_test' returned '0': AMENT_PREFIX_PATH=/home/nick/dev/pi_bot_ws/install/motor_driver:${AMENT_PREFIX_PATH} CMAKE_PREFIX_PATH=/home/nick/dev/pi_bot_ws/install/motor_driver:${CMAKE_PREFIX_PATH} DEBUGINFOD_URLS=https://debuginfod.archlinux.org _=/usr/bin/env /usr/bin/cmake /home/nick/dev/pi_bot_ws/src/hat_test -DCMAKE_EXPORT_COMPILE_COMMANDS=ON -DCMAKE_INSTALL_PREFIX=/home/nick/dev/pi_bot_ws/install/hat_test
[0.971s] Invoking command in '/home/nick/dev/pi_bot_ws/build/hat_test': AMENT_PREFIX_PATH=/home/nick/dev/pi_bot_ws/install/motor_driver:${AMENT_PREFIX_PATH} CMAKE_PREFIX_PATH=/home/nick/dev/pi_bot_ws/install/motor_driver:${CMAKE_PREFIX_PATH} DEBUGINFOD_URLS=https://debuginfod.archlinux.org _=/usr/bin/env /usr/bin/cmake --build /home/nick/dev/pi_bot_ws/build/hat_test -- -j12 -l12
[1.022s] [ 50%] [32mBuilding CXX object CMakeFiles/hat_test.dir/src/hat_test.cpp.o[0m
[2.972s] [100%] [32m[1mLinking CXX executable hat_test[0m
[2.993s] /usr/bin/ld: cannot find -llinux: No such file or directory
[3.006s] collect2: error: ld returned 1 exit status
[3.009s] make[2]: *** [CMakeFiles/hat_test.dir/build.make:156: hat_test] Error 1
[3.009s] make[1]: *** [CMakeFiles/Makefile2:153: CMakeFiles/hat_test.dir/all] Error 2
[3.010s] make: *** [Makefile:146: all] Error 2
[3.012s] Invoked command in '/home/nick/dev/pi_bot_ws/build/hat_test' returned '2': AMENT_PREFIX_PATH=/home/nick/dev/pi_bot_ws/install/motor_driver:${AMENT_PREFIX_PATH} CMAKE_PREFIX_PATH=/home/nick/dev/pi_bot_ws/install/motor_driver:${CMAKE_PREFIX_PATH} DEBUGINFOD_URLS=https://debuginfod.archlinux.org _=/usr/bin/env /usr/bin/cmake --build /home/nick/dev/pi_bot_ws/build/hat_test -- -j12 -l12
