[0mCMake Deprecation Warning at CMakeLists.txt:1 (cmake_minimum_required):
  Compatibility with CMake < 3.10 will be removed from a future version of
  CMake.

  Update the VERSION argument <min> value.  Or, use the <min>...<max> syntax
  to tell CMake that the project requires at least <min> but has been updated
  to work with policies introduced by <max> or earlier.

[0m
-- Found ament_cmake: 1.3.11 (/home/nick/ros2-humble/src/install/share/ament_cmake/cmake)
-- Found rclcpp: 16.0.12 (/home/nick/ros2-humble/src/install/share/rclcpp/cmake)
-- Found rosidl_generator_c: 3.1.6 (/home/nick/ros2-humble/src/install/share/rosidl_generator_c/cmake)
-- Found rosidl_adapter: 3.1.6 (/home/nick/ros2-humble/src/install/share/rosidl_adapter/cmake)
-- Found rosidl_generator_cpp: 3.1.6 (/home/nick/ros2-humble/src/install/share/rosidl_generator_cpp/cmake)
-- Using all available rosidl_typesupport_c: rosidl_typesupport_fastrtps_c;rosidl_typesupport_introspection_c
-- Using all available rosidl_typesupport_cpp: rosidl_typesupport_fastrtps_cpp;rosidl_typesupport_introspection_cpp
-- Found rmw_implementation_cmake: 6.1.2 (/home/nick/ros2-humble/src/install/share/rmw_implementation_cmake/cmake)
-- Found rmw_fastrtps_cpp: 6.2.7 (/home/nick/ros2-humble/src/install/share/rmw_fastrtps_cpp/cmake)
-- Using RMW implementation 'rmw_fastrtps_cpp' as default
-- Found motor_driver: 0.0.0 (/home/nick/dev/pi_bot_ws/install/motor_driver/share/motor_driver/cmake)
-- Found ament_lint_auto: 0.12.12 (/home/nick/ros2-humble/src/install/share/ament_lint_auto/cmake)
-- Added test 'cppcheck' to perform static code analysis on C / C++ code
-- Configured cppcheck include dirs: 
-- Configured cppcheck exclude dirs and/or files: 
-- Added test 'lint_cmake' to check CMake code style
-- Added test 'uncrustify' to check C / C++ code style
-- Configured uncrustify additional arguments: 
-- Added test 'xmllint' to check XML markup files
-- Configuring done (0.7s)
-- Generating done (0.0s)
-- Build files have been written to: /home/nick/dev/pi_bot_ws/build/hat_test
[ 50%] [32m[1mLinking CXX executable hat_test[0m
/usr/bin/ld: /home/nick/dev/pi_bot_ws/install/motor_driver/lib/libmotor_driver.a(i2c_utils.cpp.o): in function `I2CDevice::send_data(unsigned char)':
i2c_utils.cpp:(.text+0x194): undefined reference to `i2c_smbus_write_byte(int, unsigned char)'
/usr/bin/ld: /home/nick/dev/pi_bot_ws/install/motor_driver/lib/libmotor_driver.a(i2c_utils.cpp.o): in function `I2CDevice::write_byte(unsigned char, unsigned char)':
i2c_utils.cpp:(.text+0x20b): undefined reference to `i2c_smbus_write_byte_data(int, unsigned char, unsigned char)'
/usr/bin/ld: /home/nick/dev/pi_bot_ws/install/motor_driver/lib/libmotor_driver.a(i2c_utils.cpp.o): in function `I2CDevice::write_data(unsigned char, unsigned char, unsigned char const*)':
i2c_utils.cpp:(.text+0x285): undefined reference to `i2c_smbus_write_block_data(int, unsigned char, unsigned char, unsigned char const*)'
/usr/bin/ld: /home/nick/dev/pi_bot_ws/install/motor_driver/lib/libmotor_driver.a(i2c_utils.cpp.o): in function `I2CDevice::recive_data(unsigned char*)':
i2c_utils.cpp:(.text+0x2e9): undefined reference to `i2c_smbus_read_byte(int)'
/usr/bin/ld: /home/nick/dev/pi_bot_ws/install/motor_driver/lib/libmotor_driver.a(i2c_utils.cpp.o): in function `I2CDevice::read_byte(unsigned char)':
i2c_utils.cpp:(.text+0x360): undefined reference to `i2c_smbus_read_byte_data(int, unsigned char)'
/usr/bin/ld: /home/nick/dev/pi_bot_ws/install/motor_driver/lib/libmotor_driver.a(i2c_utils.cpp.o): in function `I2CDevice::read_u_byte(unsigned char)':
i2c_utils.cpp:(.text+0x3ce): undefined reference to `i2c_smbus_read_byte_data(int, unsigned char)'
/usr/bin/ld: /home/nick/dev/pi_bot_ws/install/motor_driver/lib/libmotor_driver.a(i2c_utils.cpp.o): in function `I2CDevice::read_data(unsigned char, unsigned char*)':
i2c_utils.cpp:(.text+0x448): undefined reference to `i2c_smbus_read_block_data(int, unsigned char, unsigned char*)'
collect2: error: ld returned 1 exit status
make[2]: *** [CMakeFiles/hat_test.dir/build.make:156: hat_test] Error 1
make[1]: *** [CMakeFiles/Makefile2:153: CMakeFiles/hat_test.dir/all] Error 2
make: *** [Makefile:146: all] Error 2
